{"/home/runner/work/c01-a2/c01-a2/server/src/controllers/research.ts": {"path":"/home/runner/work/c01-a2/c01-a2/server/src/controllers/research.ts","statementMap":{"0":{"start":{"line":4,"column":0},"end":{"line":4,"column":45}},"1":{"start":{"line":5,"column":0},"end":{"line":5,"column":51}},"2":{"start":{"line":16,"column":28},"end":{"line":41,"column":2}},"3":{"start":{"line":16,"column":66},"end":{"line":41,"column":2}},"4":{"start":{"line":17,"column":2},"end":{"line":40,"column":null}},"5":{"start":{"line":19,"column":6},"end":{"line":19,"column":65}},"6":{"start":{"line":21,"column":21},"end":{"line":31,"column":6}},"7":{"start":{"line":23,"column":50},"end":{"line":23,"column":62}},"8":{"start":{"line":26,"column":49},"end":{"line":26,"column":61}},"9":{"start":{"line":29,"column":59},"end":{"line":29,"column":71}},"10":{"start":{"line":33,"column":4},"end":{"line":33,"column":35}},"11":{"start":{"line":35,"column":4},"end":{"line":39,"column":8}},"12":{"start":{"line":16,"column":13},"end":{"line":16,"column":28}},"13":{"start":{"line":56,"column":37},"end":{"line":91,"column":2}},"14":{"start":{"line":56,"column":75},"end":{"line":91,"column":2}},"15":{"start":{"line":57,"column":21},"end":{"line":57,"column":51}},"16":{"start":{"line":58,"column":2},"end":{"line":59,"column":74}},"17":{"start":{"line":59,"column":4},"end":{"line":59,"column":74}},"18":{"start":{"line":61,"column":22},"end":{"line":61,"column":34}},"19":{"start":{"line":62,"column":2},"end":{"line":63,"column":67}},"20":{"start":{"line":63,"column":4},"end":{"line":63,"column":67}},"21":{"start":{"line":65,"column":2},"end":{"line":90,"column":null}},"22":{"start":{"line":67,"column":6},"end":{"line":70,"column":8}},"23":{"start":{"line":72,"column":4},"end":{"line":73,"column":70}},"24":{"start":{"line":73,"column":6},"end":{"line":73,"column":70}},"25":{"start":{"line":75,"column":42},"end":{"line":84,"column":8}},"26":{"start":{"line":77,"column":8},"end":{"line":77,"column":46}},"27":{"start":{"line":80,"column":8},"end":{"line":83,"column":10}},"28":{"start":{"line":86,"column":4},"end":{"line":86,"column":33}},"29":{"start":{"line":88,"column":4},"end":{"line":88,"column":25}},"30":{"start":{"line":89,"column":4},"end":{"line":89,"column":69}},"31":{"start":{"line":56,"column":13},"end":{"line":56,"column":37}}},"fnMap":{"0":{"name":"(anonymous_7)","decl":{"start":{"line":16,"column":28},"end":{"line":16,"column":35}},"loc":{"start":{"line":16,"column":66},"end":{"line":41,"column":2}}},"1":{"name":"(anonymous_8)","decl":{"start":{"line":16,"column":66},"end":{"line":16,"column":null}},"loc":{"start":{"line":16,"column":66},"end":{"line":41,"column":1}}},"2":{"name":"(anonymous_9)","decl":{"start":{"line":23,"column":39},"end":{"line":23,"column":40}},"loc":{"start":{"line":23,"column":50},"end":{"line":23,"column":62}}},"3":{"name":"(anonymous_10)","decl":{"start":{"line":26,"column":38},"end":{"line":26,"column":39}},"loc":{"start":{"line":26,"column":49},"end":{"line":26,"column":61}}},"4":{"name":"(anonymous_11)","decl":{"start":{"line":29,"column":48},"end":{"line":29,"column":49}},"loc":{"start":{"line":29,"column":59},"end":{"line":29,"column":71}}},"5":{"name":"(anonymous_12)","decl":{"start":{"line":56,"column":37},"end":{"line":56,"column":44}},"loc":{"start":{"line":56,"column":75},"end":{"line":91,"column":2}}},"6":{"name":"(anonymous_13)","decl":{"start":{"line":56,"column":75},"end":{"line":56,"column":null}},"loc":{"start":{"line":56,"column":75},"end":{"line":91,"column":1}}},"7":{"name":"(anonymous_14)","decl":{"start":{"line":76,"column":14},"end":{"line":76,"column":15}},"loc":{"start":{"line":76,"column":25},"end":{"line":78,"column":7}}},"8":{"name":"(anonymous_15)","decl":{"start":{"line":79,"column":11},"end":{"line":79,"column":12}},"loc":{"start":{"line":79,"column":22},"end":{"line":84,"column":7}}}},"branchMap":{"0":{"loc":{"start":{"line":22,"column":18},"end":{"line":24,"column":12}},"type":"cond-expr","locations":[{"start":{"line":23,"column":10},"end":{"line":23,"column":63}},{"start":{"line":24,"column":10},"end":{"line":24,"column":12}}]},"1":{"loc":{"start":{"line":25,"column":17},"end":{"line":27,"column":12}},"type":"cond-expr","locations":[{"start":{"line":26,"column":10},"end":{"line":26,"column":62}},{"start":{"line":27,"column":10},"end":{"line":27,"column":12}}]},"2":{"loc":{"start":{"line":28,"column":26},"end":{"line":30,"column":12}},"type":"cond-expr","locations":[{"start":{"line":29,"column":10},"end":{"line":29,"column":72}},{"start":{"line":30,"column":10},"end":{"line":30,"column":12}}]},"3":{"loc":{"start":{"line":58,"column":2},"end":{"line":59,"column":74}},"type":"if","locations":[{"start":{"line":58,"column":2},"end":{"line":59,"column":74}}]},"4":{"loc":{"start":{"line":62,"column":2},"end":{"line":63,"column":67}},"type":"if","locations":[{"start":{"line":62,"column":2},"end":{"line":63,"column":67}}]},"5":{"loc":{"start":{"line":72,"column":4},"end":{"line":73,"column":70}},"type":"if","locations":[{"start":{"line":72,"column":4},"end":{"line":73,"column":70}}]}},"s":{"0":8,"1":8,"2":8,"3":0,"4":0,"5":0,"6":0,"7":0,"8":0,"9":0,"10":0,"11":0,"12":8,"13":8,"14":2,"15":2,"16":2,"17":0,"18":2,"19":2,"20":0,"21":2,"22":2,"23":2,"24":0,"25":2,"26":10,"27":5,"28":2,"29":0,"30":0,"31":8},"f":{"0":0,"1":0,"2":0,"3":0,"4":0,"5":2,"6":2,"7":10,"8":5},"b":{"0":[0,0],"1":[0,0],"2":[0,0],"3":[0],"4":[0],"5":[0]}}
,"/home/runner/work/c01-a2/c01-a2/server/src/controllers/status.ts": {"path":"/home/runner/work/c01-a2/c01-a2/server/src/controllers/status.ts","statementMap":{"0":{"start":{"line":3,"column":0},"end":{"line":3,"column":38}},"1":{"start":{"line":13,"column":25},"end":{"line":19,"column":1}},"2":{"start":{"line":14,"column":25},"end":{"line":14,"column":35}},"3":{"start":{"line":15,"column":22},"end":{"line":15,"column":28}},"4":{"start":{"line":16,"column":2},"end":{"line":18,"column":48}},"5":{"start":{"line":13,"column":13},"end":{"line":13,"column":25}}},"fnMap":{"0":{"name":"(anonymous_0)","decl":{"start":{"line":13,"column":25},"end":{"line":13,"column":26}},"loc":{"start":{"line":13,"column":57},"end":{"line":19,"column":1}}}},"branchMap":{"0":{"loc":{"start":{"line":16,"column":9},"end":{"line":18,"column":47}},"type":"cond-expr","locations":[{"start":{"line":17,"column":6},"end":{"line":17,"column":45}},{"start":{"line":18,"column":6},"end":{"line":18,"column":47}}]}},"s":{"0":8,"1":8,"2":2,"3":2,"4":2,"5":8},"f":{"0":2},"b":{"0":[1,1]}}
,"/home/runner/work/c01-a2/c01-a2/server/src/controllers/Account/user.ts": {"path":"/home/runner/work/c01-a2/c01-a2/server/src/controllers/Account/user.ts","statementMap":{"0":{"start":{"line":3,"column":0},"end":{"line":3,"column":43}},"1":{"start":{"line":7,"column":0},"end":{"line":7,"column":50}},"2":{"start":{"line":8,"column":0},"end":{"line":8,"column":48}},"3":{"start":{"line":9,"column":0},"end":{"line":9,"column":54}},"4":{"start":{"line":19,"column":26},"end":{"line":44,"column":2}},"5":{"start":{"line":19,"column":64},"end":{"line":44,"column":2}},"6":{"start":{"line":20,"column":2},"end":{"line":43,"column":null}},"7":{"start":{"line":21,"column":27},"end":{"line":21,"column":51}},"8":{"start":{"line":23,"column":4},"end":{"line":29,"column":null}},"9":{"start":{"line":24,"column":32},"end":{"line":24,"column":55}},"10":{"start":{"line":25,"column":6},"end":{"line":25,"column":54}},"11":{"start":{"line":25,"column":19},"end":{"line":25,"column":54}},"12":{"start":{"line":27,"column":6},"end":{"line":27,"column":50}},"13":{"start":{"line":28,"column":6},"end":{"line":28,"column":77}},"14":{"start":{"line":30,"column":4},"end":{"line":32,"column":80}},"15":{"start":{"line":35,"column":4},"end":{"line":38,"column":61}},"16":{"start":{"line":36,"column":6},"end":{"line":38,"column":61}},"17":{"start":{"line":40,"column":4},"end":{"line":42,"column":74}},"18":{"start":{"line":19,"column":13},"end":{"line":19,"column":26}}},"fnMap":{"0":{"name":"(anonymous_8)","decl":{"start":{"line":19,"column":26},"end":{"line":19,"column":33}},"loc":{"start":{"line":19,"column":64},"end":{"line":44,"column":2}}},"1":{"name":"(anonymous_9)","decl":{"start":{"line":19,"column":64},"end":{"line":19,"column":null}},"loc":{"start":{"line":19,"column":64},"end":{"line":44,"column":1}}}},"branchMap":{"0":{"loc":{"start":{"line":23,"column":4},"end":{"line":29,"column":null}},"type":"if","locations":[{"start":{"line":23,"column":4},"end":{"line":29,"column":null}}]},"1":{"loc":{"start":{"line":25,"column":6},"end":{"line":25,"column":54}},"type":"if","locations":[{"start":{"line":25,"column":6},"end":{"line":25,"column":54}}]},"2":{"loc":{"start":{"line":35,"column":4},"end":{"line":38,"column":61}},"type":"if","locations":[{"start":{"line":35,"column":4},"end":{"line":38,"column":61}}]},"3":{"loc":{"start":{"line":35,"column":8},"end":{"line":35,"column":65}},"type":"binary-expr","locations":[{"start":{"line":35,"column":8},"end":{"line":35,"column":41}},{"start":{"line":35,"column":45},"end":{"line":35,"column":65}}]}},"s":{"0":8,"1":8,"2":8,"3":8,"4":8,"5":0,"6":0,"7":0,"8":0,"9":0,"10":0,"11":0,"12":0,"13":0,"14":0,"15":0,"16":0,"17":0,"18":8},"f":{"0":0,"1":0},"b":{"0":[0],"1":[0],"2":[0],"3":[0,0]}}
,"/home/runner/work/c01-a2/c01-a2/server/src/controllers/Learning/article.ts": {"path":"/home/runner/work/c01-a2/c01-a2/server/src/controllers/Learning/article.ts","statementMap":{"0":{"start":{"line":3,"column":0},"end":{"line":3,"column":57}},"1":{"start":{"line":7,"column":0},"end":{"line":7,"column":48}},"2":{"start":{"line":8,"column":0},"end":{"line":8,"column":53}},"3":{"start":{"line":18,"column":32},"end":{"line":44,"column":2}},"4":{"start":{"line":18,"column":70},"end":{"line":44,"column":2}},"5":{"start":{"line":19,"column":2},"end":{"line":43,"column":null}},"6":{"start":{"line":20,"column":24},"end":{"line":20,"column":55}},"7":{"start":{"line":21,"column":30},"end":{"line":21,"column":79}},"8":{"start":{"line":23,"column":4},"end":{"line":23,"column":52}},"9":{"start":{"line":23,"column":17},"end":{"line":23,"column":52}},"10":{"start":{"line":25,"column":20},"end":{"line":27,"column":6}},"11":{"start":{"line":29,"column":4},"end":{"line":29,"column":54}},"12":{"start":{"line":29,"column":17},"end":{"line":29,"column":54}},"13":{"start":{"line":31,"column":4},"end":{"line":38,"column":8}},"14":{"start":{"line":40,"column":4},"end":{"line":42,"column":78}},"15":{"start":{"line":18,"column":13},"end":{"line":18,"column":32}}},"fnMap":{"0":{"name":"(anonymous_8)","decl":{"start":{"line":18,"column":32},"end":{"line":18,"column":39}},"loc":{"start":{"line":18,"column":70},"end":{"line":44,"column":2}}},"1":{"name":"(anonymous_9)","decl":{"start":{"line":18,"column":70},"end":{"line":18,"column":null}},"loc":{"start":{"line":18,"column":70},"end":{"line":44,"column":1}}}},"branchMap":{"0":{"loc":{"start":{"line":23,"column":4},"end":{"line":23,"column":52}},"type":"if","locations":[{"start":{"line":23,"column":4},"end":{"line":23,"column":52}}]},"1":{"loc":{"start":{"line":29,"column":4},"end":{"line":29,"column":54}},"type":"if","locations":[{"start":{"line":29,"column":4},"end":{"line":29,"column":54}}]}},"s":{"0":8,"1":8,"2":8,"3":8,"4":6,"5":6,"6":6,"7":6,"8":6,"9":3,"10":3,"11":2,"12":1,"13":1,"14":1,"15":8},"f":{"0":6,"1":6},"b":{"0":[3],"1":[1]}}
,"/home/runner/work/c01-a2/c01-a2/server/src/controllers/Learning/courses.ts": {"path":"/home/runner/work/c01-a2/c01-a2/server/src/controllers/Learning/courses.ts","statementMap":{"0":{"start":{"line":3,"column":0},"end":{"line":3,"column":55}},"1":{"start":{"line":7,"column":0},"end":{"line":7,"column":48}},"2":{"start":{"line":17,"column":29},"end":{"line":33,"column":2}},"3":{"start":{"line":17,"column":67},"end":{"line":33,"column":2}},"4":{"start":{"line":18,"column":2},"end":{"line":32,"column":null}},"5":{"start":{"line":19,"column":20},"end":{"line":19,"column":71}},"6":{"start":{"line":21,"column":4},"end":{"line":27,"column":38}},"7":{"start":{"line":29,"column":4},"end":{"line":31,"column":78}},"8":{"start":{"line":17,"column":13},"end":{"line":17,"column":29}}},"fnMap":{"0":{"name":"(anonymous_8)","decl":{"start":{"line":17,"column":29},"end":{"line":17,"column":36}},"loc":{"start":{"line":17,"column":67},"end":{"line":33,"column":2}}},"1":{"name":"(anonymous_9)","decl":{"start":{"line":17,"column":67},"end":{"line":17,"column":null}},"loc":{"start":{"line":17,"column":67},"end":{"line":33,"column":1}}}},"branchMap":{"0":{"loc":{"start":{"line":21,"column":11},"end":{"line":27,"column":37}},"type":"cond-expr","locations":[{"start":{"line":22,"column":8},"end":{"line":25,"column":null}},{"start":{"line":27,"column":8},"end":{"line":27,"column":37}}]}},"s":{"0":8,"1":8,"2":8,"3":2,"4":2,"5":2,"6":1,"7":1,"8":8},"f":{"0":2,"1":2},"b":{"0":[0,1]}}
,"/home/runner/work/c01-a2/c01-a2/server/src/controllers/Learning/dashboard.ts": {"path":"/home/runner/work/c01-a2/c01-a2/server/src/controllers/Learning/dashboard.ts","statementMap":{"0":{"start":{"line":3,"column":0},"end":{"line":3,"column":50}},"1":{"start":{"line":4,"column":0},"end":{"line":4,"column":59}},"2":{"start":{"line":6,"column":0},"end":{"line":6,"column":48}},"3":{"start":{"line":7,"column":0},"end":{"line":7,"column":54}},"4":{"start":{"line":17,"column":35},"end":{"line":74,"column":2}},"5":{"start":{"line":17,"column":73},"end":{"line":74,"column":2}},"6":{"start":{"line":18,"column":2},"end":{"line":73,"column":null}},"7":{"start":{"line":19,"column":19},"end":{"line":19,"column":45}},"8":{"start":{"line":20,"column":30},"end":{"line":20,"column":52}},"9":{"start":{"line":22,"column":4},"end":{"line":22,"column":52}},"10":{"start":{"line":22,"column":17},"end":{"line":22,"column":52}},"11":{"start":{"line":24,"column":17},"end":{"line":24,"column":52}},"12":{"start":{"line":26,"column":4},"end":{"line":34,"column":10}},"13":{"start":{"line":27,"column":6},"end":{"line":34,"column":10}},"14":{"start":{"line":36,"column":29},"end":{"line":54,"column":42}},"15":{"start":{"line":56,"column":4},"end":{"line":64,"column":10}},"16":{"start":{"line":57,"column":6},"end":{"line":64,"column":10}},"17":{"start":{"line":66,"column":4},"end":{"line":66,"column":43}},"18":{"start":{"line":68,"column":4},"end":{"line":72,"column":8}},"19":{"start":{"line":17,"column":13},"end":{"line":17,"column":35}}},"fnMap":{"0":{"name":"(anonymous_8)","decl":{"start":{"line":17,"column":35},"end":{"line":17,"column":42}},"loc":{"start":{"line":17,"column":73},"end":{"line":74,"column":2}}},"1":{"name":"(anonymous_9)","decl":{"start":{"line":17,"column":73},"end":{"line":17,"column":null}},"loc":{"start":{"line":17,"column":73},"end":{"line":74,"column":1}}}},"branchMap":{"0":{"loc":{"start":{"line":22,"column":4},"end":{"line":22,"column":52}},"type":"if","locations":[{"start":{"line":22,"column":4},"end":{"line":22,"column":52}}]},"1":{"loc":{"start":{"line":26,"column":4},"end":{"line":34,"column":10}},"type":"if","locations":[{"start":{"line":26,"column":4},"end":{"line":34,"column":10}}]},"2":{"loc":{"start":{"line":56,"column":4},"end":{"line":64,"column":10}},"type":"if","locations":[{"start":{"line":56,"column":4},"end":{"line":64,"column":10}}]}},"s":{"0":8,"1":8,"2":8,"3":8,"4":8,"5":7,"6":7,"7":7,"8":7,"9":7,"10":3,"11":4,"12":3,"13":1,"14":2,"15":2,"16":1,"17":1,"18":1,"19":8},"f":{"0":7,"1":7},"b":{"0":[3],"1":[1],"2":[1]}}
,"/home/runner/work/c01-a2/c01-a2/server/src/controllers/Learning/index.ts": {"path":"/home/runner/work/c01-a2/c01-a2/server/src/controllers/Learning/index.ts","statementMap":{"0":{"start":{"line":1,"column":0},"end":{"line":1,"column":9}},"1":{"start":{"line":1,"column":9},"end":{"line":1,"column":45}},"2":{"start":{"line":2,"column":0},"end":{"line":2,"column":9}},"3":{"start":{"line":2,"column":9},"end":{"line":2,"column":42}},"4":{"start":{"line":3,"column":0},"end":{"line":3,"column":9}},"5":{"start":{"line":3,"column":9},"end":{"line":3,"column":50}},"6":{"start":{"line":4,"column":0},"end":{"line":4,"column":9}},"7":{"start":{"line":4,"column":9},"end":{"line":4,"column":33}},"8":{"start":{"line":4,"column":33},"end":{"line":4,"column":68}},"9":{"start":{"line":5,"column":0},"end":{"line":5,"column":9}},"10":{"start":{"line":5,"column":9},"end":{"line":5,"column":29}},"11":{"start":{"line":5,"column":29},"end":{"line":5,"column":64}},"12":{"start":{"line":6,"column":0},"end":{"line":6,"column":null}},"13":{"start":{"line":7,"column":2},"end":{"line":7,"column":null}},"14":{"start":{"line":8,"column":2},"end":{"line":8,"column":null}},"15":{"start":{"line":9,"column":2},"end":{"line":9,"column":null}}},"fnMap":{"0":{"name":"(anonymous_0)","decl":{"start":{"line":1,"column":9},"end":{"line":1,"column":25}},"loc":{"start":{"line":1,"column":9},"end":{"line":1,"column":45}}},"1":{"name":"(anonymous_1)","decl":{"start":{"line":2,"column":9},"end":{"line":2,"column":22}},"loc":{"start":{"line":2,"column":9},"end":{"line":2,"column":42}}},"2":{"name":"(anonymous_2)","decl":{"start":{"line":3,"column":9},"end":{"line":3,"column":28}},"loc":{"start":{"line":3,"column":9},"end":{"line":3,"column":50}}},"3":{"name":"(anonymous_3)","decl":{"start":{"line":4,"column":9},"end":{"line":4,"column":31}},"loc":{"start":{"line":4,"column":9},"end":{"line":4,"column":33}}},"4":{"name":"(anonymous_4)","decl":{"start":{"line":4,"column":33},"end":{"line":4,"column":49}},"loc":{"start":{"line":4,"column":33},"end":{"line":4,"column":68}}},"5":{"name":"(anonymous_5)","decl":{"start":{"line":5,"column":9},"end":{"line":5,"column":27}},"loc":{"start":{"line":5,"column":9},"end":{"line":5,"column":29}}},"6":{"name":"(anonymous_6)","decl":{"start":{"line":5,"column":29},"end":{"line":5,"column":46}},"loc":{"start":{"line":5,"column":29},"end":{"line":5,"column":64}}},"7":{"name":"(anonymous_7)","decl":{"start":{"line":7,"column":2},"end":{"line":7,"column":16}},"loc":{"start":{"line":7,"column":2},"end":{"line":7,"column":null}}},"8":{"name":"(anonymous_8)","decl":{"start":{"line":8,"column":2},"end":{"line":8,"column":24}},"loc":{"start":{"line":8,"column":2},"end":{"line":8,"column":null}}},"9":{"name":"(anonymous_9)","decl":{"start":{"line":9,"column":2},"end":{"line":9,"column":21}},"loc":{"start":{"line":9,"column":2},"end":{"line":9,"column":null}}}},"branchMap":{},"s":{"0":8,"1":16,"2":8,"3":16,"4":8,"5":16,"6":8,"7":16,"8":16,"9":8,"10":16,"11":16,"12":8,"13":16,"14":16,"15":16},"f":{"0":8,"1":8,"2":8,"3":8,"4":8,"5":8,"6":8,"7":8,"8":8,"9":8},"b":{}}
,"/home/runner/work/c01-a2/c01-a2/server/src/controllers/Learning/search.ts": {"path":"/home/runner/work/c01-a2/c01-a2/server/src/controllers/Learning/search.ts","statementMap":{"0":{"start":{"line":4,"column":0},"end":{"line":4,"column":55}},"1":{"start":{"line":6,"column":0},"end":{"line":6,"column":48}},"2":{"start":{"line":7,"column":0},"end":{"line":7,"column":53}},"3":{"start":{"line":17,"column":32},"end":{"line":56,"column":2}},"4":{"start":{"line":17,"column":70},"end":{"line":56,"column":2}},"5":{"start":{"line":18,"column":2},"end":{"line":55,"column":null}},"6":{"start":{"line":19,"column":23},"end":{"line":19,"column":53}},"7":{"start":{"line":20,"column":30},"end":{"line":20,"column":77}},"8":{"start":{"line":22,"column":4},"end":{"line":22,"column":52}},"9":{"start":{"line":22,"column":17},"end":{"line":22,"column":52}},"10":{"start":{"line":24,"column":38},"end":{"line":45,"column":6}},"11":{"start":{"line":47,"column":19},"end":{"line":47,"column":56}},"12":{"start":{"line":48,"column":4},"end":{"line":48,"column":33}},"13":{"start":{"line":50,"column":4},"end":{"line":54,"column":8}},"14":{"start":{"line":17,"column":13},"end":{"line":17,"column":32}},"15":{"start":{"line":66,"column":38},"end":{"line":164,"column":2}},"16":{"start":{"line":66,"column":76},"end":{"line":164,"column":2}},"17":{"start":{"line":67,"column":2},"end":{"line":163,"column":null}},"18":{"start":{"line":68,"column":23},"end":{"line":68,"column":53}},"19":{"start":{"line":69,"column":30},"end":{"line":69,"column":77}},"20":{"start":{"line":71,"column":4},"end":{"line":71,"column":52}},"21":{"start":{"line":71,"column":17},"end":{"line":71,"column":52}},"22":{"start":{"line":73,"column":38},"end":{"line":129,"column":6}},"23":{"start":{"line":131,"column":19},"end":{"line":131,"column":56}},"24":{"start":{"line":132,"column":17},"end":{"line":132,"column":19}},"25":{"start":{"line":134,"column":4},"end":{"line":151,"column":null}},"26":{"start":{"line":135,"column":6},"end":{"line":151,"column":null}},"27":{"start":{"line":136,"column":8},"end":{"line":151,"column":null}},"28":{"start":{"line":137,"column":10},"end":{"line":141,"column":13}},"29":{"start":{"line":142,"column":13},"end":{"line":151,"column":null}},"30":{"start":{"line":143,"column":25},"end":{"line":145,"column":12}},"31":{"start":{"line":146,"column":10},"end":{"line":150,"column":13}},"32":{"start":{"line":153,"column":4},"end":{"line":153,"column":31}},"33":{"start":{"line":155,"column":4},"end":{"line":162,"column":8}},"34":{"start":{"line":66,"column":13},"end":{"line":66,"column":38}}},"fnMap":{"0":{"name":"(anonymous_8)","decl":{"start":{"line":17,"column":32},"end":{"line":17,"column":39}},"loc":{"start":{"line":17,"column":70},"end":{"line":56,"column":2}}},"1":{"name":"(anonymous_9)","decl":{"start":{"line":17,"column":70},"end":{"line":17,"column":null}},"loc":{"start":{"line":17,"column":70},"end":{"line":56,"column":1}}},"2":{"name":"(anonymous_10)","decl":{"start":{"line":66,"column":38},"end":{"line":66,"column":45}},"loc":{"start":{"line":66,"column":76},"end":{"line":164,"column":2}}},"3":{"name":"(anonymous_11)","decl":{"start":{"line":66,"column":76},"end":{"line":66,"column":null}},"loc":{"start":{"line":66,"column":76},"end":{"line":164,"column":1}}}},"branchMap":{"0":{"loc":{"start":{"line":22,"column":4},"end":{"line":22,"column":52}},"type":"if","locations":[{"start":{"line":22,"column":4},"end":{"line":22,"column":52}}]},"1":{"loc":{"start":{"line":71,"column":4},"end":{"line":71,"column":52}},"type":"if","locations":[{"start":{"line":71,"column":4},"end":{"line":71,"column":52}}]},"2":{"loc":{"start":{"line":134,"column":4},"end":{"line":151,"column":null}},"type":"if","locations":[{"start":{"line":134,"column":4},"end":{"line":151,"column":null}}]},"3":{"loc":{"start":{"line":136,"column":8},"end":{"line":151,"column":null}},"type":"if","locations":[{"start":{"line":136,"column":8},"end":{"line":151,"column":null}},{"start":{"line":142,"column":13},"end":{"line":151,"column":null}}]},"4":{"loc":{"start":{"line":142,"column":13},"end":{"line":151,"column":null}},"type":"if","locations":[{"start":{"line":142,"column":13},"end":{"line":151,"column":null}}]},"5":{"loc":{"start":{"line":149,"column":31},"end":{"line":149,"column":43}},"type":"cond-expr","locations":[{"start":{"line":149,"column":37},"end":{"line":149,"column":39}},{"start":{"line":149,"column":31},"end":{"line":149,"column":43}}]},"6":{"loc":{"start":{"line":149,"column":31},"end":{"line":149,"column":39}},"type":"binary-expr","locations":[{"start":{"line":149,"column":31},"end":{"line":149,"column":39}},{"start":{"line":149,"column":31},"end":{"line":149,"column":39}}]}},"s":{"0":8,"1":8,"2":8,"3":8,"4":5,"5":5,"6":5,"7":5,"8":5,"9":3,"10":2,"11":2,"12":1,"13":1,"14":8,"15":8,"16":6,"17":6,"18":6,"19":6,"20":6,"21":3,"22":3,"23":3,"24":2,"25":2,"26":2,"27":2,"28":1,"29":1,"30":1,"31":1,"32":2,"33":1,"34":8},"f":{"0":5,"1":5,"2":6,"3":6},"b":{"0":[3],"1":[3],"2":[2],"3":[1,1],"4":[1],"5":[0,1],"6":[1,1]}}
,"/home/runner/work/c01-a2/c01-a2/server/src/controllers/Learning/units.ts": {"path":"/home/runner/work/c01-a2/c01-a2/server/src/controllers/Learning/units.ts","statementMap":{"0":{"start":{"line":3,"column":0},"end":{"line":3,"column":50}},"1":{"start":{"line":4,"column":0},"end":{"line":4,"column":57}},"2":{"start":{"line":5,"column":0},"end":{"line":5,"column":55}},"3":{"start":{"line":6,"column":0},"end":{"line":6,"column":59}},"4":{"start":{"line":7,"column":0},"end":{"line":7,"column":51}},"5":{"start":{"line":8,"column":0},"end":{"line":8,"column":53}},"6":{"start":{"line":12,"column":0},"end":{"line":12,"column":48}},"7":{"start":{"line":13,"column":0},"end":{"line":13,"column":69}},"8":{"start":{"line":29,"column":33},"end":{"line":84,"column":2}},"9":{"start":{"line":29,"column":71},"end":{"line":84,"column":2}},"10":{"start":{"line":30,"column":2},"end":{"line":83,"column":null}},"11":{"start":{"line":31,"column":23},"end":{"line":31,"column":53}},"12":{"start":{"line":32,"column":30},"end":{"line":32,"column":77}},"13":{"start":{"line":34,"column":4},"end":{"line":34,"column":52}},"14":{"start":{"line":34,"column":17},"end":{"line":34,"column":52}},"15":{"start":{"line":36,"column":17},"end":{"line":36,"column":64}},"16":{"start":{"line":38,"column":4},"end":{"line":46,"column":10}},"17":{"start":{"line":39,"column":6},"end":{"line":46,"column":10}},"18":{"start":{"line":48,"column":4},"end":{"line":48,"column":44}},"19":{"start":{"line":50,"column":35},"end":{"line":50,"column":37}},"20":{"start":{"line":52,"column":4},"end":{"line":71,"column":null}},"21":{"start":{"line":53,"column":32},"end":{"line":53,"column":64}},"22":{"start":{"line":54,"column":6},"end":{"line":70,"column":11}},"23":{"start":{"line":55,"column":8},"end":{"line":70,"column":11}},"24":{"start":{"line":59,"column":42},"end":{"line":68,"column":14}},"25":{"start":{"line":60,"column":37},"end":{"line":60,"column":60}},"26":{"start":{"line":61,"column":28},"end":{"line":63,"column":39}},"27":{"start":{"line":64,"column":30},"end":{"line":66,"column":39}},"28":{"start":{"line":67,"column":14},"end":{"line":67,"column":45}},"29":{"start":{"line":73,"column":4},"end":{"line":73,"column":63}},"30":{"start":{"line":75,"column":4},"end":{"line":82,"column":8}},"31":{"start":{"line":29,"column":13},"end":{"line":29,"column":33}},"32":{"start":{"line":94,"column":34},"end":{"line":153,"column":2}},"33":{"start":{"line":94,"column":72},"end":{"line":153,"column":2}},"34":{"start":{"line":95,"column":2},"end":{"line":152,"column":null}},"35":{"start":{"line":96,"column":19},"end":{"line":96,"column":45}},"36":{"start":{"line":97,"column":30},"end":{"line":97,"column":52}},"37":{"start":{"line":99,"column":4},"end":{"line":99,"column":52}},"38":{"start":{"line":99,"column":17},"end":{"line":99,"column":52}},"39":{"start":{"line":101,"column":17},"end":{"line":101,"column":52}},"40":{"start":{"line":103,"column":4},"end":{"line":111,"column":10}},"41":{"start":{"line":104,"column":6},"end":{"line":111,"column":10}},"42":{"start":{"line":113,"column":33},"end":{"line":124,"column":22}},"43":{"start":{"line":126,"column":4},"end":{"line":134,"column":10}},"44":{"start":{"line":127,"column":6},"end":{"line":134,"column":10}},"45":{"start":{"line":136,"column":25},"end":{"line":142,"column":null}},"46":{"start":{"line":138,"column":8},"end":{"line":141,"column":10}},"47":{"start":{"line":145,"column":4},"end":{"line":145,"column":39}},"48":{"start":{"line":147,"column":4},"end":{"line":151,"column":8}},"49":{"start":{"line":94,"column":13},"end":{"line":94,"column":34}}},"fnMap":{"0":{"name":"(anonymous_8)","decl":{"start":{"line":29,"column":33},"end":{"line":29,"column":40}},"loc":{"start":{"line":29,"column":71},"end":{"line":84,"column":2}}},"1":{"name":"(anonymous_9)","decl":{"start":{"line":29,"column":71},"end":{"line":29,"column":null}},"loc":{"start":{"line":29,"column":71},"end":{"line":84,"column":1}}},"2":{"name":"(anonymous_10)","decl":{"start":{"line":59,"column":29},"end":{"line":59,"column":36}},"loc":{"start":{"line":59,"column":42},"end":{"line":68,"column":14}}},"3":{"name":"(anonymous_11)","decl":{"start":{"line":59,"column":42},"end":{"line":59,"column":null}},"loc":{"start":{"line":59,"column":42},"end":{"line":68,"column":13}}},"4":{"name":"(anonymous_12)","decl":{"start":{"line":94,"column":34},"end":{"line":94,"column":41}},"loc":{"start":{"line":94,"column":72},"end":{"line":153,"column":2}}},"5":{"name":"(anonymous_13)","decl":{"start":{"line":94,"column":72},"end":{"line":94,"column":null}},"loc":{"start":{"line":94,"column":72},"end":{"line":153,"column":1}}},"6":{"name":"(anonymous_14)","decl":{"start":{"line":137,"column":6},"end":{"line":137,"column":7}},"loc":{"start":{"line":137,"column":36},"end":{"line":142,"column":7}}}},"branchMap":{"0":{"loc":{"start":{"line":34,"column":4},"end":{"line":34,"column":52}},"type":"if","locations":[{"start":{"line":34,"column":4},"end":{"line":34,"column":52}}]},"1":{"loc":{"start":{"line":38,"column":4},"end":{"line":46,"column":10}},"type":"if","locations":[{"start":{"line":38,"column":4},"end":{"line":46,"column":10}}]},"2":{"loc":{"start":{"line":54,"column":6},"end":{"line":70,"column":11}},"type":"if","locations":[{"start":{"line":54,"column":6},"end":{"line":70,"column":11}}]},"3":{"loc":{"start":{"line":67,"column":21},"end":{"line":67,"column":44}},"type":"cond-expr","locations":[{"start":{"line":67,"column":29},"end":{"line":67,"column":34}},{"start":{"line":67,"column":37},"end":{"line":67,"column":44}}]},"4":{"loc":{"start":{"line":73,"column":40},"end":{"line":73,"column":52}},"type":"cond-expr","locations":[{"start":{"line":73,"column":46},"end":{"line":73,"column":48}},{"start":{"line":73,"column":40},"end":{"line":73,"column":52}}]},"5":{"loc":{"start":{"line":73,"column":40},"end":{"line":73,"column":48}},"type":"binary-expr","locations":[{"start":{"line":73,"column":40},"end":{"line":73,"column":48}},{"start":{"line":73,"column":40},"end":{"line":73,"column":48}}]},"6":{"loc":{"start":{"line":99,"column":4},"end":{"line":99,"column":52}},"type":"if","locations":[{"start":{"line":99,"column":4},"end":{"line":99,"column":52}}]},"7":{"loc":{"start":{"line":103,"column":4},"end":{"line":111,"column":10}},"type":"if","locations":[{"start":{"line":103,"column":4},"end":{"line":111,"column":10}}]},"8":{"loc":{"start":{"line":126,"column":4},"end":{"line":134,"column":10}},"type":"if","locations":[{"start":{"line":126,"column":4},"end":{"line":134,"column":10}}]},"9":{"loc":{"start":{"line":136,"column":25},"end":{"line":142,"column":null}},"type":"cond-expr","locations":[{"start":{"line":136,"column":45},"end":{"line":136,"column":47}},{"start":{"line":136,"column":25},"end":{"line":142,"column":null}}]},"10":{"loc":{"start":{"line":136,"column":25},"end":{"line":136,"column":47}},"type":"binary-expr","locations":[{"start":{"line":136,"column":25},"end":{"line":136,"column":47}},{"start":{"line":136,"column":25},"end":{"line":136,"column":47}}]}},"s":{"0":8,"1":8,"2":8,"3":8,"4":8,"5":8,"6":8,"7":8,"8":8,"9":6,"10":6,"11":6,"12":6,"13":6,"14":3,"15":3,"16":2,"17":1,"18":1,"19":1,"20":1,"21":1,"22":1,"23":1,"24":1,"25":1,"26":1,"27":1,"28":1,"29":1,"30":1,"31":8,"32":8,"33":7,"34":7,"35":7,"36":7,"37":7,"38":3,"39":4,"40":3,"41":1,"42":2,"43":2,"44":1,"45":1,"46":1,"47":1,"48":1,"49":8},"f":{"0":6,"1":6,"2":1,"3":1,"4":7,"5":7,"6":1},"b":{"0":[3],"1":[1],"2":[1],"3":[1,0],"4":[0,1],"5":[1,1],"6":[3],"7":[1],"8":[1],"9":[0,1],"10":[1,1]}}
,"/home/runner/work/c01-a2/c01-a2/server/src/controllers/Learning/video.ts": {"path":"/home/runner/work/c01-a2/c01-a2/server/src/controllers/Learning/video.ts","statementMap":{"0":{"start":{"line":2,"column":0},"end":{"line":2,"column":50}},"1":{"start":{"line":3,"column":0},"end":{"line":3,"column":55}},"2":{"start":{"line":4,"column":0},"end":{"line":4,"column":59}},"3":{"start":{"line":5,"column":0},"end":{"line":5,"column":51}},"4":{"start":{"line":6,"column":0},"end":{"line":6,"column":53}},"5":{"start":{"line":8,"column":0},"end":{"line":8,"column":48}},"6":{"start":{"line":9,"column":0},"end":{"line":9,"column":69}},"7":{"start":{"line":19,"column":30},"end":{"line":47,"column":2}},"8":{"start":{"line":19,"column":68},"end":{"line":47,"column":2}},"9":{"start":{"line":20,"column":2},"end":{"line":46,"column":null}},"10":{"start":{"line":21,"column":22},"end":{"line":21,"column":51}},"11":{"start":{"line":22,"column":30},"end":{"line":22,"column":75}},"12":{"start":{"line":24,"column":4},"end":{"line":24,"column":52}},"13":{"start":{"line":24,"column":17},"end":{"line":24,"column":52}},"14":{"start":{"line":26,"column":18},"end":{"line":30,"column":35}},"15":{"start":{"line":32,"column":4},"end":{"line":32,"column":50}},"16":{"start":{"line":32,"column":15},"end":{"line":32,"column":50}},"17":{"start":{"line":34,"column":4},"end":{"line":41,"column":8}},"18":{"start":{"line":43,"column":4},"end":{"line":45,"column":76}},"19":{"start":{"line":19,"column":13},"end":{"line":19,"column":30}},"20":{"start":{"line":57,"column":38},"end":{"line":118,"column":2}},"21":{"start":{"line":57,"column":76},"end":{"line":118,"column":2}},"22":{"start":{"line":58,"column":17},"end":{"line":58,"column":43}},"23":{"start":{"line":59,"column":28},"end":{"line":59,"column":50}},"24":{"start":{"line":61,"column":2},"end":{"line":61,"column":50}},"25":{"start":{"line":61,"column":15},"end":{"line":61,"column":50}},"26":{"start":{"line":63,"column":20},"end":{"line":63,"column":49}},"27":{"start":{"line":64,"column":23},"end":{"line":64,"column":68}},"28":{"start":{"line":66,"column":2},"end":{"line":66,"column":76}},"29":{"start":{"line":66,"column":28},"end":{"line":66,"column":76}},"30":{"start":{"line":68,"column":15},"end":{"line":68,"column":68}},"31":{"start":{"line":69,"column":2},"end":{"line":77,"column":8}},"32":{"start":{"line":70,"column":4},"end":{"line":77,"column":8}},"33":{"start":{"line":79,"column":16},"end":{"line":79,"column":71}},"34":{"start":{"line":80,"column":2},"end":{"line":88,"column":8}},"35":{"start":{"line":81,"column":4},"end":{"line":88,"column":8}},"36":{"start":{"line":90,"column":19},"end":{"line":100,"column":6}},"37":{"start":{"line":102,"column":2},"end":{"line":105,"column":7}},"38":{"start":{"line":103,"column":4},"end":{"line":105,"column":7}},"39":{"start":{"line":106,"column":24},"end":{"line":107,"column":null}},"40":{"start":{"line":107,"column":16},"end":{"line":107,"column":41}},"41":{"start":{"line":110,"column":2},"end":{"line":113,"column":7}},"42":{"start":{"line":111,"column":4},"end":{"line":113,"column":7}},"43":{"start":{"line":115,"column":2},"end":{"line":117,"column":5}},"44":{"start":{"line":57,"column":13},"end":{"line":57,"column":38}},"45":{"start":{"line":128,"column":35},"end":{"line":311,"column":2}},"46":{"start":{"line":128,"column":73},"end":{"line":311,"column":2}},"47":{"start":{"line":130,"column":17},"end":{"line":130,"column":42}},"48":{"start":{"line":131,"column":28},"end":{"line":131,"column":50}},"49":{"start":{"line":132,"column":2},"end":{"line":132,"column":50}},"50":{"start":{"line":132,"column":15},"end":{"line":132,"column":50}},"51":{"start":{"line":134,"column":20},"end":{"line":134,"column":48}},"52":{"start":{"line":135,"column":23},"end":{"line":135,"column":68}},"53":{"start":{"line":136,"column":2},"end":{"line":136,"column":76}},"54":{"start":{"line":136,"column":28},"end":{"line":136,"column":76}},"55":{"start":{"line":138,"column":2},"end":{"line":146,"column":8}},"56":{"start":{"line":139,"column":4},"end":{"line":146,"column":8}},"57":{"start":{"line":148,"column":44},"end":{"line":149,"column":null}},"58":{"start":{"line":151,"column":15},"end":{"line":151,"column":67}},"59":{"start":{"line":152,"column":2},"end":{"line":160,"column":8}},"60":{"start":{"line":153,"column":4},"end":{"line":160,"column":8}},"61":{"start":{"line":162,"column":16},"end":{"line":162,"column":70}},"62":{"start":{"line":163,"column":2},"end":{"line":171,"column":8}},"63":{"start":{"line":164,"column":4},"end":{"line":171,"column":8}},"64":{"start":{"line":173,"column":19},"end":{"line":175,"column":4}},"65":{"start":{"line":178,"column":21},"end":{"line":180,"column":4}},"66":{"start":{"line":182,"column":2},"end":{"line":190,"column":8}},"67":{"start":{"line":183,"column":4},"end":{"line":190,"column":8}},"68":{"start":{"line":191,"column":23},"end":{"line":193,"column":4}},"69":{"start":{"line":194,"column":2},"end":{"line":202,"column":8}},"70":{"start":{"line":195,"column":4},"end":{"line":202,"column":8}},"71":{"start":{"line":204,"column":2},"end":{"line":232,"column":null}},"72":{"start":{"line":206,"column":22},"end":{"line":206,"column":61}},"73":{"start":{"line":208,"column":24},"end":{"line":229,"column":6}},"74":{"start":{"line":230,"column":4},"end":{"line":230,"column":29}},"75":{"start":{"line":231,"column":4},"end":{"line":231,"column":33}},"76":{"start":{"line":234,"column":21},"end":{"line":235,"column":null}},"77":{"start":{"line":235,"column":14},"end":{"line":235,"column":61}},"78":{"start":{"line":237,"column":20},"end":{"line":238,"column":null}},"79":{"start":{"line":238,"column":14},"end":{"line":238,"column":65}},"80":{"start":{"line":240,"column":22},"end":{"line":241,"column":null}},"81":{"start":{"line":241,"column":14},"end":{"line":241,"column":69}},"82":{"start":{"line":246,"column":4},"end":{"line":248,"column":23}},"83":{"start":{"line":250,"column":20},"end":{"line":250,"column":42}},"84":{"start":{"line":252,"column":24},"end":{"line":307,"column":4}},"85":{"start":{"line":259,"column":12},"end":{"line":261,"column":65}},"86":{"start":{"line":274,"column":12},"end":{"line":276,"column":65}},"87":{"start":{"line":289,"column":12},"end":{"line":297,"column":21}},"88":{"start":{"line":308,"column":2},"end":{"line":308,"column":30}},"89":{"start":{"line":309,"column":2},"end":{"line":309,"column":30}},"90":{"start":{"line":310,"column":2},"end":{"line":310,"column":33}},"91":{"start":{"line":128,"column":13},"end":{"line":128,"column":35}}},"fnMap":{"0":{"name":"(anonymous_8)","decl":{"start":{"line":19,"column":30},"end":{"line":19,"column":37}},"loc":{"start":{"line":19,"column":68},"end":{"line":47,"column":2}}},"1":{"name":"(anonymous_9)","decl":{"start":{"line":19,"column":68},"end":{"line":19,"column":null}},"loc":{"start":{"line":19,"column":68},"end":{"line":47,"column":1}}},"2":{"name":"(anonymous_10)","decl":{"start":{"line":57,"column":38},"end":{"line":57,"column":45}},"loc":{"start":{"line":57,"column":76},"end":{"line":118,"column":2}}},"3":{"name":"(anonymous_11)","decl":{"start":{"line":57,"column":76},"end":{"line":57,"column":null}},"loc":{"start":{"line":57,"column":76},"end":{"line":118,"column":1}}},"4":{"name":"(anonymous_12)","decl":{"start":{"line":107,"column":4},"end":{"line":107,"column":5}},"loc":{"start":{"line":107,"column":16},"end":{"line":107,"column":41}}},"5":{"name":"(anonymous_13)","decl":{"start":{"line":128,"column":35},"end":{"line":128,"column":42}},"loc":{"start":{"line":128,"column":73},"end":{"line":311,"column":2}}},"6":{"name":"(anonymous_14)","decl":{"start":{"line":128,"column":73},"end":{"line":128,"column":null}},"loc":{"start":{"line":128,"column":73},"end":{"line":311,"column":1}}},"7":{"name":"(anonymous_15)","decl":{"start":{"line":235,"column":4},"end":{"line":235,"column":5}},"loc":{"start":{"line":235,"column":14},"end":{"line":235,"column":61}}},"8":{"name":"(anonymous_16)","decl":{"start":{"line":238,"column":4},"end":{"line":238,"column":5}},"loc":{"start":{"line":238,"column":14},"end":{"line":238,"column":65}}},"9":{"name":"(anonymous_17)","decl":{"start":{"line":241,"column":4},"end":{"line":241,"column":5}},"loc":{"start":{"line":241,"column":14},"end":{"line":241,"column":69}}},"10":{"name":"(anonymous_18)","decl":{"start":{"line":258,"column":31},"end":{"line":258,"column":32}},"loc":{"start":{"line":258,"column":40},"end":{"line":262,"column":11}}},"11":{"name":"(anonymous_19)","decl":{"start":{"line":273,"column":29},"end":{"line":273,"column":30}},"loc":{"start":{"line":273,"column":38},"end":{"line":277,"column":11}}},"12":{"name":"(anonymous_20)","decl":{"start":{"line":288,"column":30},"end":{"line":288,"column":31}},"loc":{"start":{"line":288,"column":39},"end":{"line":298,"column":11}}}},"branchMap":{"0":{"loc":{"start":{"line":24,"column":4},"end":{"line":24,"column":52}},"type":"if","locations":[{"start":{"line":24,"column":4},"end":{"line":24,"column":52}}]},"1":{"loc":{"start":{"line":32,"column":4},"end":{"line":32,"column":50}},"type":"if","locations":[{"start":{"line":32,"column":4},"end":{"line":32,"column":50}}]},"2":{"loc":{"start":{"line":61,"column":2},"end":{"line":61,"column":50}},"type":"if","locations":[{"start":{"line":61,"column":2},"end":{"line":61,"column":50}}]},"3":{"loc":{"start":{"line":66,"column":2},"end":{"line":66,"column":76}},"type":"if","locations":[{"start":{"line":66,"column":2},"end":{"line":66,"column":76}}]},"4":{"loc":{"start":{"line":69,"column":2},"end":{"line":77,"column":8}},"type":"if","locations":[{"start":{"line":69,"column":2},"end":{"line":77,"column":8}}]},"5":{"loc":{"start":{"line":80,"column":2},"end":{"line":88,"column":8}},"type":"if","locations":[{"start":{"line":80,"column":2},"end":{"line":88,"column":8}}]},"6":{"loc":{"start":{"line":102,"column":2},"end":{"line":105,"column":7}},"type":"if","locations":[{"start":{"line":102,"column":2},"end":{"line":105,"column":7}}]},"7":{"loc":{"start":{"line":110,"column":2},"end":{"line":113,"column":7}},"type":"if","locations":[{"start":{"line":110,"column":2},"end":{"line":113,"column":7}}]},"8":{"loc":{"start":{"line":132,"column":2},"end":{"line":132,"column":50}},"type":"if","locations":[{"start":{"line":132,"column":2},"end":{"line":132,"column":50}}]},"9":{"loc":{"start":{"line":136,"column":2},"end":{"line":136,"column":76}},"type":"if","locations":[{"start":{"line":136,"column":2},"end":{"line":136,"column":76}}]},"10":{"loc":{"start":{"line":138,"column":2},"end":{"line":146,"column":8}},"type":"if","locations":[{"start":{"line":138,"column":2},"end":{"line":146,"column":8}}]},"11":{"loc":{"start":{"line":138,"column":6},"end":{"line":138,"column":76}},"type":"binary-expr","locations":[{"start":{"line":138,"column":6},"end":{"line":138,"column":36}},{"start":{"line":138,"column":40},"end":{"line":138,"column":76}}]},"12":{"loc":{"start":{"line":152,"column":2},"end":{"line":160,"column":8}},"type":"if","locations":[{"start":{"line":152,"column":2},"end":{"line":160,"column":8}}]},"13":{"loc":{"start":{"line":163,"column":2},"end":{"line":171,"column":8}},"type":"if","locations":[{"start":{"line":163,"column":2},"end":{"line":171,"column":8}}]},"14":{"loc":{"start":{"line":182,"column":2},"end":{"line":190,"column":8}},"type":"if","locations":[{"start":{"line":182,"column":2},"end":{"line":190,"column":8}}]},"15":{"loc":{"start":{"line":194,"column":2},"end":{"line":202,"column":8}},"type":"if","locations":[{"start":{"line":194,"column":2},"end":{"line":202,"column":8}}]},"16":{"loc":{"start":{"line":204,"column":2},"end":{"line":232,"column":null}},"type":"if","locations":[{"start":{"line":204,"column":2},"end":{"line":232,"column":null}}]},"17":{"loc":{"start":{"line":206,"column":22},"end":{"line":206,"column":61}},"type":"cond-expr","locations":[{"start":{"line":206,"column":56},"end":{"line":206,"column":57}},{"start":{"line":206,"column":60},"end":{"line":206,"column":61}}]},"18":{"loc":{"start":{"line":246,"column":4},"end":{"line":248,"column":23}},"type":"binary-expr","locations":[{"start":{"line":246,"column":4},"end":{"line":246,"column":35}},{"start":{"line":247,"column":6},"end":{"line":247,"column":22}},{"start":{"line":247,"column":26},"end":{"line":247,"column":65}},{"start":{"line":248,"column":6},"end":{"line":248,"column":22}}]},"19":{"loc":{"start":{"line":250,"column":20},"end":{"line":250,"column":42}},"type":"cond-expr","locations":[{"start":{"line":250,"column":37},"end":{"line":250,"column":38}},{"start":{"line":250,"column":41},"end":{"line":250,"column":42}}]},"20":{"loc":{"start":{"line":257,"column":6},"end":{"line":269,"column":null}},"type":"cond-expr","locations":[{"start":{"line":258,"column":10},"end":{"line":262,"column":12}},{"start":{"line":263,"column":10},"end":{"line":269,"column":null}}]},"21":{"loc":{"start":{"line":259,"column":19},"end":{"line":261,"column":64}},"type":"cond-expr","locations":[{"start":{"line":260,"column":16},"end":{"line":260,"column":20}},{"start":{"line":261,"column":15},"end":{"line":261,"column":64}}]},"22":{"loc":{"start":{"line":272,"column":6},"end":{"line":284,"column":null}},"type":"cond-expr","locations":[{"start":{"line":273,"column":10},"end":{"line":277,"column":12}},{"start":{"line":278,"column":10},"end":{"line":284,"column":null}}]},"23":{"loc":{"start":{"line":274,"column":19},"end":{"line":276,"column":64}},"type":"cond-expr","locations":[{"start":{"line":275,"column":16},"end":{"line":275,"column":20}},{"start":{"line":276,"column":15},"end":{"line":276,"column":64}}]},"24":{"loc":{"start":{"line":287,"column":6},"end":{"line":306,"column":null}},"type":"cond-expr","locations":[{"start":{"line":288,"column":10},"end":{"line":298,"column":12}},{"start":{"line":299,"column":10},"end":{"line":306,"column":null}}]},"25":{"loc":{"start":{"line":289,"column":19},"end":{"line":297,"column":20}},"type":"cond-expr","locations":[{"start":{"line":290,"column":15},"end":{"line":295,"column":null}},{"start":{"line":297,"column":16},"end":{"line":297,"column":20}}]},"26":{"loc":{"start":{"line":293,"column":30},"end":{"line":295,"column":36}},"type":"cond-expr","locations":[{"start":{"line":294,"column":22},"end":{"line":294,"column":37}},{"start":{"line":295,"column":22},"end":{"line":295,"column":36}}]},"27":{"loc":{"start":{"line":309,"column":8},"end":{"line":309,"column":29}},"type":"cond-expr","locations":[{"start":{"line":309,"column":21},"end":{"line":309,"column":23}},{"start":{"line":309,"column":8},"end":{"line":309,"column":29}}]},"28":{"loc":{"start":{"line":309,"column":8},"end":{"line":309,"column":23}},"type":"binary-expr","locations":[{"start":{"line":309,"column":8},"end":{"line":309,"column":23}},{"start":{"line":309,"column":8},"end":{"line":309,"column":23}}]}},"s":{"0":8,"1":8,"2":8,"3":8,"4":8,"5":8,"6":8,"7":8,"8":6,"9":6,"10":6,"11":6,"12":6,"13":3,"14":3,"15":2,"16":1,"17":1,"18":1,"19":8,"20":8,"21":0,"22":0,"23":0,"24":0,"25":0,"26":0,"27":0,"28":0,"29":0,"30":0,"31":0,"32":0,"33":0,"34":0,"35":0,"36":0,"37":0,"38":0,"39":0,"40":0,"41":0,"42":0,"43":0,"44":8,"45":8,"46":0,"47":0,"48":0,"49":0,"50":0,"51":0,"52":0,"53":0,"54":0,"55":0,"56":0,"57":0,"58":0,"59":0,"60":0,"61":0,"62":0,"63":0,"64":0,"65":0,"66":0,"67":0,"68":0,"69":0,"70":0,"71":0,"72":0,"73":0,"74":0,"75":0,"76":0,"77":0,"78":0,"79":0,"80":0,"81":0,"82":0,"83":0,"84":0,"85":0,"86":0,"87":0,"88":0,"89":0,"90":0,"91":8},"f":{"0":6,"1":6,"2":0,"3":0,"4":0,"5":0,"6":0,"7":0,"8":0,"9":0,"10":0,"11":0,"12":0},"b":{"0":[3],"1":[1],"2":[0],"3":[0],"4":[0],"5":[0],"6":[0],"7":[0],"8":[0],"9":[0],"10":[0],"11":[0,0],"12":[0],"13":[0],"14":[0],"15":[0],"16":[0],"17":[0,0],"18":[0,0,0,0],"19":[0,0],"20":[0,0],"21":[0,0],"22":[0,0],"23":[0,0],"24":[0,0],"25":[0,0],"26":[0,0],"27":[0,0],"28":[0,0]}}
}
