TN:
SF:src/controllers/research.ts
FN:16,(anonymous_7)
FN:16,(anonymous_8)
FN:23,(anonymous_9)
FN:26,(anonymous_10)
FN:29,(anonymous_11)
FN:56,(anonymous_12)
FN:56,(anonymous_13)
FN:76,(anonymous_14)
FN:79,(anonymous_15)
FNF:9
FNH:4
FNDA:0,(anonymous_7)
FNDA:0,(anonymous_8)
FNDA:0,(anonymous_9)
FNDA:0,(anonymous_10)
FNDA:0,(anonymous_11)
FNDA:2,(anonymous_12)
FNDA:2,(anonymous_13)
FNDA:10,(anonymous_14)
FNDA:5,(anonymous_15)
DA:4,8
DA:5,8
DA:16,8
DA:17,0
DA:19,0
DA:21,0
DA:23,0
DA:26,0
DA:29,0
DA:33,0
DA:35,0
DA:56,8
DA:57,2
DA:58,2
DA:59,0
DA:61,2
DA:62,2
DA:63,0
DA:65,2
DA:67,2
DA:72,2
DA:73,0
DA:75,2
DA:77,10
DA:80,5
DA:86,2
DA:88,0
DA:89,0
LF:28
LH:15
BRDA:22,0,0,0
BRDA:22,0,1,0
BRDA:25,1,0,0
BRDA:25,1,1,0
BRDA:28,2,0,0
BRDA:28,2,1,0
BRDA:58,3,0,0
BRDA:62,4,0,0
BRDA:72,5,0,0
BRF:9
BRH:0
end_of_record
TN:
SF:src/controllers/status.ts
FN:13,(anonymous_0)
FNF:1
FNH:1
FNDA:2,(anonymous_0)
DA:3,8
DA:13,8
DA:14,2
DA:15,2
DA:16,2
LF:5
LH:5
BRDA:16,0,0,1
BRDA:16,0,1,1
BRF:2
BRH:2
end_of_record
TN:
SF:src/controllers/Account/user.ts
FN:19,(anonymous_8)
FN:19,(anonymous_9)
FNF:2
FNH:0
FNDA:0,(anonymous_8)
FNDA:0,(anonymous_9)
DA:3,8
DA:7,8
DA:8,8
DA:9,8
DA:19,8
DA:20,0
DA:21,0
DA:23,0
DA:24,0
DA:25,0
DA:27,0
DA:28,0
DA:30,0
DA:35,0
DA:36,0
DA:40,0
LF:16
LH:5
BRDA:23,0,0,0
BRDA:25,1,0,0
BRDA:35,2,0,0
BRDA:35,3,0,0
BRDA:35,3,1,0
BRF:5
BRH:0
end_of_record
TN:
SF:src/controllers/Learning/article.ts
FN:18,(anonymous_8)
FN:18,(anonymous_9)
FNF:2
FNH:2
FNDA:6,(anonymous_8)
FNDA:6,(anonymous_9)
DA:3,8
DA:7,8
DA:8,8
DA:18,8
DA:19,6
DA:20,6
DA:21,6
DA:23,6
DA:25,3
DA:29,2
DA:31,1
DA:40,1
LF:12
LH:12
BRDA:23,0,0,3
BRDA:29,1,0,1
BRF:2
BRH:2
end_of_record
TN:
SF:src/controllers/Learning/courses.ts
FN:17,(anonymous_8)
FN:17,(anonymous_9)
FNF:2
FNH:2
FNDA:2,(anonymous_8)
FNDA:2,(anonymous_9)
DA:3,8
DA:7,8
DA:17,8
DA:18,2
DA:19,2
DA:21,1
DA:29,1
LF:7
LH:7
BRDA:21,0,0,0
BRDA:21,0,1,1
BRF:2
BRH:1
end_of_record
TN:
SF:src/controllers/Learning/dashboard.ts
FN:17,(anonymous_8)
FN:17,(anonymous_9)
FNF:2
FNH:2
FNDA:7,(anonymous_8)
FNDA:7,(anonymous_9)
DA:3,8
DA:4,8
DA:6,8
DA:7,8
DA:17,8
DA:18,7
DA:19,7
DA:20,7
DA:22,7
DA:24,4
DA:26,3
DA:27,1
DA:36,2
DA:56,2
DA:57,1
DA:66,1
DA:68,1
LF:17
LH:17
BRDA:22,0,0,3
BRDA:26,1,0,1
BRDA:56,2,0,1
BRF:3
BRH:3
end_of_record
TN:
SF:src/controllers/Learning/index.ts
FN:1,(anonymous_0)
FN:2,(anonymous_1)
FN:3,(anonymous_2)
FN:4,(anonymous_3)
FN:4,(anonymous_4)
FN:5,(anonymous_5)
FN:5,(anonymous_6)
FN:7,(anonymous_7)
FN:8,(anonymous_8)
FN:9,(anonymous_9)
FNF:10
FNH:10
FNDA:8,(anonymous_0)
FNDA:8,(anonymous_1)
FNDA:8,(anonymous_2)
FNDA:8,(anonymous_3)
FNDA:8,(anonymous_4)
FNDA:8,(anonymous_5)
FNDA:8,(anonymous_6)
FNDA:8,(anonymous_7)
FNDA:8,(anonymous_8)
FNDA:8,(anonymous_9)
DA:1,16
DA:2,16
DA:3,16
DA:4,16
DA:5,16
DA:6,8
DA:7,16
DA:8,16
DA:9,16
LF:9
LH:9
BRF:0
BRH:0
end_of_record
TN:
SF:src/controllers/Learning/search.ts
FN:17,(anonymous_8)
FN:17,(anonymous_9)
FN:66,(anonymous_10)
FN:66,(anonymous_11)
FNF:4
FNH:4
FNDA:5,(anonymous_8)
FNDA:5,(anonymous_9)
FNDA:6,(anonymous_10)
FNDA:6,(anonymous_11)
DA:4,8
DA:6,8
DA:7,8
DA:17,8
DA:18,5
DA:19,5
DA:20,5
DA:22,5
DA:24,2
DA:47,2
DA:48,1
DA:50,1
DA:66,8
DA:67,6
DA:68,6
DA:69,6
DA:71,6
DA:73,3
DA:131,3
DA:132,2
DA:134,2
DA:135,2
DA:136,2
DA:137,1
DA:142,1
DA:143,1
DA:146,1
DA:153,2
DA:155,1
LF:29
LH:29
BRDA:22,0,0,3
BRDA:71,1,0,3
BRDA:134,2,0,2
BRDA:136,3,0,1
BRDA:136,3,1,1
BRDA:142,4,0,1
BRDA:149,5,0,0
BRDA:149,5,1,1
BRDA:149,6,0,1
BRDA:149,6,1,1
BRF:10
BRH:9
end_of_record
TN:
SF:src/controllers/Learning/units.ts
FN:29,(anonymous_8)
FN:29,(anonymous_9)
FN:59,(anonymous_10)
FN:59,(anonymous_11)
FN:94,(anonymous_12)
FN:94,(anonymous_13)
FN:137,(anonymous_14)
FNF:7
FNH:7
FNDA:6,(anonymous_8)
FNDA:6,(anonymous_9)
FNDA:1,(anonymous_10)
FNDA:1,(anonymous_11)
FNDA:7,(anonymous_12)
FNDA:7,(anonymous_13)
FNDA:1,(anonymous_14)
DA:3,8
DA:4,8
DA:5,8
DA:6,8
DA:7,8
DA:8,8
DA:12,8
DA:13,8
DA:29,8
DA:30,6
DA:31,6
DA:32,6
DA:34,6
DA:36,3
DA:38,2
DA:39,1
DA:48,1
DA:50,1
DA:52,1
DA:53,1
DA:54,1
DA:55,1
DA:59,1
DA:60,1
DA:61,1
DA:64,1
DA:67,1
DA:73,1
DA:75,1
DA:94,8
DA:95,7
DA:96,7
DA:97,7
DA:99,7
DA:101,4
DA:103,3
DA:104,1
DA:113,2
DA:126,2
DA:127,1
DA:136,1
DA:138,1
DA:145,1
DA:147,1
LF:44
LH:44
BRDA:34,0,0,3
BRDA:38,1,0,1
BRDA:54,2,0,1
BRDA:67,3,0,1
BRDA:67,3,1,0
BRDA:73,4,0,0
BRDA:73,4,1,1
BRDA:73,5,0,1
BRDA:73,5,1,1
BRDA:99,6,0,3
BRDA:103,7,0,1
BRDA:126,8,0,1
BRDA:136,9,0,0
BRDA:136,9,1,1
BRDA:136,10,0,1
BRDA:136,10,1,1
BRF:16
BRH:13
end_of_record
TN:
SF:src/controllers/Learning/video.ts
FN:19,(anonymous_8)
FN:19,(anonymous_9)
FN:57,(anonymous_10)
FN:57,(anonymous_11)
FN:107,(anonymous_12)
FN:128,(anonymous_13)
FN:128,(anonymous_14)
FN:235,(anonymous_15)
FN:238,(anonymous_16)
FN:241,(anonymous_17)
FN:258,(anonymous_18)
FN:273,(anonymous_19)
FN:288,(anonymous_20)
FNF:13
FNH:2
FNDA:6,(anonymous_8)
FNDA:6,(anonymous_9)
FNDA:0,(anonymous_10)
FNDA:0,(anonymous_11)
FNDA:0,(anonymous_12)
FNDA:0,(anonymous_13)
FNDA:0,(anonymous_14)
FNDA:0,(anonymous_15)
FNDA:0,(anonymous_16)
FNDA:0,(anonymous_17)
FNDA:0,(anonymous_18)
FNDA:0,(anonymous_19)
FNDA:0,(anonymous_20)
DA:2,8
DA:3,8
DA:4,8
DA:5,8
DA:6,8
DA:8,8
DA:9,8
DA:19,8
DA:20,6
DA:21,6
DA:22,6
DA:24,6
DA:26,3
DA:32,2
DA:34,1
DA:43,1
DA:57,8
DA:58,0
DA:59,0
DA:61,0
DA:63,0
DA:64,0
DA:66,0
DA:68,0
DA:69,0
DA:70,0
DA:79,0
DA:80,0
DA:81,0
DA:90,0
DA:102,0
DA:103,0
DA:106,0
DA:107,0
DA:110,0
DA:111,0
DA:115,0
DA:128,8
DA:130,0
DA:131,0
DA:132,0
DA:134,0
DA:135,0
DA:136,0
DA:138,0
DA:139,0
DA:148,0
DA:151,0
DA:152,0
DA:153,0
DA:162,0
DA:163,0
DA:164,0
DA:173,0
DA:178,0
DA:182,0
DA:183,0
DA:191,0
DA:194,0
DA:195,0
DA:204,0
DA:206,0
DA:208,0
DA:230,0
DA:231,0
DA:234,0
DA:235,0
DA:237,0
DA:238,0
DA:240,0
DA:241,0
DA:246,0
DA:250,0
DA:252,0
DA:259,0
DA:274,0
DA:289,0
DA:308,0
DA:309,0
DA:310,0
LF:80
LH:18
BRDA:24,0,0,3
BRDA:32,1,0,1
BRDA:61,2,0,0
BRDA:66,3,0,0
BRDA:69,4,0,0
BRDA:80,5,0,0
BRDA:102,6,0,0
BRDA:110,7,0,0
BRDA:132,8,0,0
BRDA:136,9,0,0
BRDA:138,10,0,0
BRDA:138,11,0,0
BRDA:138,11,1,0
BRDA:152,12,0,0
BRDA:163,13,0,0
BRDA:182,14,0,0
BRDA:194,15,0,0
BRDA:204,16,0,0
BRDA:206,17,0,0
BRDA:206,17,1,0
BRDA:246,18,0,0
BRDA:246,18,1,0
BRDA:246,18,2,0
BRDA:246,18,3,0
BRDA:250,19,0,0
BRDA:250,19,1,0
BRDA:257,20,0,0
BRDA:257,20,1,0
BRDA:259,21,0,0
BRDA:259,21,1,0
BRDA:272,22,0,0
BRDA:272,22,1,0
BRDA:274,23,0,0
BRDA:274,23,1,0
BRDA:287,24,0,0
BRDA:287,24,1,0
BRDA:289,25,0,0
BRDA:289,25,1,0
BRDA:293,26,0,0
BRDA:293,26,1,0
BRDA:309,27,0,0
BRDA:309,27,1,0
BRDA:309,28,0,0
BRDA:309,28,1,0
BRF:44
BRH:2
end_of_record
